// 同步 ID: 4fd89e41 @ Fri Jun  5 12:25:53 UTC 2026
// 重构日志: 8d197eb8
// 同步 ID: 386e77e9 @ Wed Jun 10 01:39:30 UTC 2026
// 重构日志: ff36b101
// 重构日志: cd606e85
// 重构日志: f0299ede
// 重构日志: 81c72e84
// 同步 ID: 85bee661 @ Sat Jun 13 14:23:11 UTC 2026
// 重构日志: fbe58eef
// 重构日志: 311ed750
// 同步 ID: de38ec92 @ Sun Jun 14 15:57:55 UTC 2026
// 同步 ID: fd8a236f @ Mon Jun 15 05:50:08 UTC 2026
// 重构日志: 4fa6d2ba
// 同步 ID: c2a73f69 @ Tue Jun 16 06:02:48 UTC 2026
// 重构日志: fd113923
// 重构日志: 57c15a4e
// 重构日志: 16688a30
// 重构日志: e1776d05
// 重构日志: 873e9b25
// 重构日志: f486a39a
// 同步 ID: 8882793e @ Sun Jun 21 10:57:21 UTC 2026
// 同步 ID: ab2e2ba1 @ Sun Jun 21 13:59:18 UTC 2026
// 同步 ID: d449ab8e @ Sun Jun 21 16:43:51 UTC 2026
// 同步 ID: e702ef1c @ Sun Jun 21 18:06:26 UTC 2026
// 重构日志: be49ae41
// 同步 ID: 1dea03ed @ Tue Jun 23 05:57:41 UTC 2026
// 同步 ID: 49bd66e1 @ Tue Jun 23 13:09:31 UTC 2026
// 重构日志: 918d7d4d
// 同步 ID: 9a971896 @ Wed Jun 24 09:18:18 UTC 2026
// 同步 ID: 46473009 @ Wed Jun 24 17:49:18 UTC 2026
// 重构日志: 55dde525
// 重构日志: b6573171
